
------------------------------------------------------

 S O L V E R S                                        
 D E M O   C O D E                                    

 Running on 1 processors 

------------------------------------------------------


Input Summary: 
--------------------------- 
No. PE   in  x-direction: 1
             y-direction: 1
No. Cells in x-direction: 40
             y-direction: 40
Linear solver           : cg
Non-Linear solver       : sa

LINEAR SOLVE for initial guess
  (o) CG converged in 149 iterations.
(o) Writing gnuplot command file pc_'phi'
NON-LINEAR SOLVE
[timingInfo] [timingInfo name not set] Start time (Wall): 3.77119e+06 Start time (CPU) : 328728
  (o) CG converged in 126 iterations.
  (o) CG converged in 124 iterations.
  (o) CG converged in 123 iterations.
  (o) CG converged in 122 iterations.
  (o) CG converged in 122 iterations.
  (o) CG converged in 121 iterations.
  (o) CG converged in 121 iterations.
  (o) CG converged in 121 iterations.
  (o) CG converged in 121 iterations.
  (o) CG converged in 120 iterations.
  (o) CG converged in 120 iterations.
  (o) CG converged in 120 iterations.
  (o) CG converged in 120 iterations.
  (o) CG converged in 120 iterations.
  (o) CG converged in 120 iterations.
  (o) CG converged in 120 iterations.
  (o) CG converged in 120 iterations.
  (o) CG converged in 120 iterations.
  (o) CG converged in 120 iterations.
  (o) CG converged in 120 iterations.
  (o) CG converged in 120 iterations.
  (o) CG converged in 120 iterations.
  (o) CG converged in 120 iterations.
  (o) CG converged in 120 iterations.
  (o) CG converged in 120 iterations.
  (o) CG converged in 120 iterations.
  (o) CG converged in 120 iterations.
  (o) CG converged in 120 iterations.
  (o) CG converged in 120 iterations.
  (o) CG converged in 120 iterations.
  (o) CG converged in 120 iterations.
  (o) CG converged in 120 iterations.
  (o) CG converged in 120 iterations.
  (o) CG converged in 120 iterations.
  (o) CG converged in 120 iterations.
  (o) CG converged in 120 iterations.
  (o) CG converged in 120 iterations.
  (o) CG converged in 120 iterations.
  (o) CG converged in 120 iterations.
  (o) CG converged in 120 iterations.
  (o) CG converged in 120 iterations.
  (o) CG converged in 120 iterations.
  (o) CG converged in 120 iterations.
  (o) CG converged in 120 iterations.
  (o) CG converged in 120 iterations.
  (o) CG converged in 120 iterations.
  (o) CG converged in 120 iterations.
  (o) CG converged in 120 iterations.
  (o) CG converged in 120 iterations.
  (o) CG converged in 120 iterations.
  (o) CG converged in 120 iterations.
  (o) CG converged in 120 iterations.
  (o) CG converged in 120 iterations.
  (o) CG converged in 120 iterations.
  (o) CG converged in 120 iterations.
  (o) CG converged in 120 iterations.
  (o) CG converged in 120 iterations.
  (o) CG converged in 120 iterations.
  (o) CG converged in 120 iterations.
  (o) CG converged in 120 iterations.
  (o) CG converged in 120 iterations.
  (o) CG converged in 120 iterations.
  (o) CG converged in 120 iterations.
  (o) CG converged in 120 iterations.
  (o) CG converged in 120 iterations.
  (o) CG converged in 120 iterations.
  (o) CG converged in 120 iterations.
  (o) CG converged in 120 iterations.
  (o) CG converged in 120 iterations.
  (o) CG converged in 120 iterations.
  (o) CG converged in 120 iterations.
  (o) CG converged in 120 iterations.
  (o) CG converged in 120 iterations.
  (o) CG converged in 120 iterations.
  (o) CG converged in 120 iterations.
  (o) CG converged in 120 iterations.
  (o) CG converged in 120 iterations.
  (o) CG converged in 120 iterations.
  (o) CG converged in 120 iterations.
  (o) CG converged in 120 iterations.
  (o) CG converged in 120 iterations.
  (o) CG converged in 120 iterations.
  (o) CG converged in 120 iterations.
  (o) CG converged in 120 iterations.
  (o) CG converged in 120 iterations.
  (o) CG converged in 120 iterations.
  (o) CG converged in 121 iterations.
  (o) CG converged in 121 iterations.
  (o) CG converged in 138 iterations.
  (o) CG converged in 120 iterations.
  (o) CG converged in 120 iterations.
  (o) CG converged in 120 iterations.
  (o) CG converged in 120 iterations.
  (o) CG converged in 120 iterations.
  (o) CG converged in 120 iterations.
  (o) CG converged in 120 iterations.
  (o) CG converged in 120 iterations.
  (o) CG converged in 120 iterations.
  (o) CG converged in 120 iterations.
  (o) CG converged in 120 iterations.
  (o) CG converged in 120 iterations.
  (o) CG converged in 120 iterations.
  (o) CG converged in 120 iterations.
  (o) CG converged in 120 iterations.
  (o) CG converged in 120 iterations.
  (o) CG converged in 120 iterations.
  (o) CG converged in 120 iterations.
  (o) CG converged in 120 iterations.
  (o) CG converged in 120 iterations.
  (o) CG converged in 120 iterations.
  (o) CG converged in 120 iterations.
  (o) CG converged in 120 iterations.
  (o) CG converged in 120 iterations.
  (o) CG converged in 120 iterations.
  (o) CG converged in 120 iterations.
  (o) CG converged in 120 iterations.
  (o) CG converged in 120 iterations.
  (o) CG converged in 120 iterations.
  (o) CG converged in 120 iterations.
  (o) CG converged in 120 iterations.
  (o) CG converged in 120 iterations.
  (o) CG converged in 120 iterations.
  (o) CG converged in 120 iterations.
  (o) CG converged in 120 iterations.
  (o) CG converged in 120 iterations.
  (o) CG converged in 120 iterations.
  (o) CG converged in 120 iterations.
  (o) CG converged in 120 iterations.
  (o) CG converged in 120 iterations.
  (o) CG converged in 121 iterations.
  (o) CG converged in 121 iterations.
  (o) CG converged in 122 iterations.
  (o) CG converged in 138 iterations.
  (o) CG converged in 120 iterations.
  (o) CG converged in 120 iterations.
  (o) CG converged in 120 iterations.
  (o) CG converged in 120 iterations.
  (o) CG converged in 120 iterations.
  (o) CG converged in 120 iterations.
  (o) CG converged in 120 iterations.
  (o) CG converged in 120 iterations.
  (o) CG converged in 120 iterations.
  (o) CG converged in 120 iterations.
  (o) CG converged in 120 iterations.
  (o) CG converged in 120 iterations.
  (o) CG converged in 120 iterations.
  (o) CG converged in 120 iterations.
  (o) CG converged in 120 iterations.
  (o) CG converged in 120 iterations.
  (o) CG converged in 120 iterations.
  (o) CG converged in 120 iterations.
  (o) CG converged in 120 iterations.
  (o) CG converged in 120 iterations.
  (o) CG converged in 120 iterations.
  (o) CG converged in 120 iterations.
  (o) CG converged in 120 iterations.
  (o) CG converged in 120 iterations.
  (o) CG converged in 120 iterations.
  (o) CG converged in 120 iterations.
  (o) CG converged in 120 iterations.
  (o) CG converged in 120 iterations.
  (o) CG converged in 120 iterations.
  (o) CG converged in 120 iterations.
  (o) CG converged in 120 iterations.
  (o) CG converged in 120 iterations.
  (o) CG converged in 120 iterations.
  (o) CG converged in 120 iterations.
  (o) CG converged in 120 iterations.
  (o) CG converged in 120 iterations.
  (o) CG converged in 120 iterations.
  (o) CG converged in 120 iterations.
  (o) CG converged in 120 iterations.
  (o) CG converged in 120 iterations.
  (o) CG converged in 120 iterations.
  (o) CG converged in 121 iterations.
  (o) CG converged in 122 iterations.
  (o) CG converged in 138 iterations.
  (o) CG converged in 120 iterations.
  (o) CG converged in 120 iterations.
  (o) CG converged in 120 iterations.
  (o) CG converged in 120 iterations.
  (o) CG converged in 120 iterations.
  (o) CG converged in 120 iterations.
  (o) CG converged in 120 iterations.
  (o) CG converged in 120 iterations.
  (o) CG converged in 120 iterations.
  (o) CG converged in 120 iterations.
  (o) CG converged in 120 iterations.
  (o) CG converged in 120 iterations.
  (o) CG converged in 120 iterations.
  (o) CG converged in 120 iterations.
  (o) CG converged in 120 iterations.
  (o) CG converged in 120 iterations.
  (o) CG converged in 120 iterations.
  (o) CG converged in 120 iterations.
  (o) CG converged in 120 iterations.
  (o) CG converged in 120 iterations.
  (o) CG converged in 120 iterations.
  (o) CG converged in 120 iterations.
  (o) CG converged in 120 iterations.
  (o) CG converged in 120 iterations.
  (o) CG converged in 120 iterations.
  (o) CG converged in 120 iterations.
  (o) CG converged in 120 iterations.
  (o) CG converged in 120 iterations.
  (o) CG converged in 120 iterations.
  (o) CG converged in 120 iterations.
  (o) CG converged in 120 iterations.
  (o) CG converged in 120 iterations.
  (o) CG converged in 120 iterations.
  (o) CG converged in 120 iterations.
  (o) CG converged in 120 iterations.
  (o) CG converged in 120 iterations.
  (o) CG converged in 120 iterations.
  (o) CG converged in 120 iterations.
  (o) CG converged in 120 iterations.
  (o) CG converged in 120 iterations.
  (o) CG converged in 121 iterations.
  (o) CG converged in 121 iterations.
  (o) CG converged in 122 iterations.
  (o) CG converged in 138 iterations.
  (o) CG converged in 120 iterations.
  (o) CG converged in 120 iterations.
  (o) CG converged in 120 iterations.
  (o) CG converged in 120 iterations.
  (o) CG converged in 120 iterations.
  (o) CG converged in 120 iterations.
  (o) CG converged in 120 iterations.
  (o) CG converged in 120 iterations.
  (o) CG converged in 120 iterations.
  (o) CG converged in 120 iterations.
  (o) CG converged in 120 iterations.
  (o) CG converged in 120 iterations.
  (o) CG converged in 120 iterations.
  (o) CG converged in 120 iterations.
  (o) CG converged in 120 iterations.
  (o) CG converged in 120 iterations.
  (o) CG converged in 120 iterations.
  (o) CG converged in 120 iterations.
  (o) CG converged in 120 iterations.
  (o) CG converged in 120 iterations.
  (o) CG converged in 120 iterations.
  (o) CG converged in 120 iterations.
  (o) CG converged in 120 iterations.
  (o) CG converged in 120 iterations.
  (o) CG converged in 120 iterations.
  (o) CG converged in 120 iterations.
  (o) CG converged in 120 iterations.
  (o) CG converged in 120 iterations.
  (o) CG converged in 120 iterations.
  (o) CG converged in 120 iterations.
  (o) CG converged in 120 iterations.
  (o) CG converged in 120 iterations.
  (o) CG converged in 120 iterations.
  (o) CG converged in 120 iterations.
  (o) CG converged in 120 iterations.
  (o) CG converged in 120 iterations.
  (o) CG converged in 120 iterations.
  (o) CG converged in 120 iterations.
  (o) CG converged in 120 iterations.
  (o) CG converged in 120 iterations.
  (o) CG converged in 121 iterations.
  (o) CG converged in 121 iterations.
  (o) CG converged in 138 iterations.
  (o) CG converged in 120 iterations.
  (o) CG converged in 120 iterations.
  (o) CG converged in 120 iterations.
  (o) CG converged in 120 iterations.
  (o) CG converged in 120 iterations.
  (o) CG converged in 120 iterations.
  (o) CG converged in 120 iterations.
  (o) CG converged in 120 iterations.
  (o) CG converged in 120 iterations.
  (o) CG converged in 120 iterations.
  (o) CG converged in 120 iterations.
  (o) CG converged in 120 iterations.
  (o) CG converged in 120 iterations.
  (o) CG converged in 120 iterations.
  (o) CG converged in 120 iterations.
  (o) CG converged in 120 iterations.
  (o) CG converged in 120 iterations.
  (o) CG converged in 120 iterations.
  (o) CG converged in 120 iterations.
  (o) CG converged in 120 iterations.
  (o) CG converged in 120 iterations.
  (o) CG converged in 120 iterations.
  (o) CG converged in 120 iterations.
  (o) CG converged in 120 iterations.
  (o) CG converged in 120 iterations.
  (o) CG converged in 120 iterations.
  (o) CG converged in 120 iterations.
  (o) CG converged in 120 iterations.
  (o) CG converged in 120 iterations.
  (o) CG converged in 120 iterations.
  (o) CG converged in 120 iterations.
  (o) CG converged in 120 iterations.
  (o) CG converged in 120 iterations.
  (o) CG converged in 120 iterations.
  (o) CG converged in 120 iterations.
  (o) CG converged in 120 iterations.
  (o) CG converged in 120 iterations.
  (o) CG converged in 120 iterations.
  (o) CG converged in 120 iterations.
  (o) CG converged in 121 iterations.
  (o) CG converged in 121 iterations.
  (o) CG converged in 138 iterations.
  (o) CG converged in 120 iterations.
  (o) CG converged in 120 iterations.
  (o) CG converged in 120 iterations.
  (o) CG converged in 120 iterations.
  (o) CG converged in 120 iterations.
  (o) CG converged in 120 iterations.
  (o) CG converged in 120 iterations.
  (o) CG converged in 120 iterations.
  (o) CG converged in 120 iterations.
  (o) CG converged in 120 iterations.
  (o) CG converged in 120 iterations.
  (o) CG converged in 120 iterations.
  (o) CG converged in 120 iterations.
  (o) CG converged in 120 iterations.
  (o) CG converged in 120 iterations.
  (o) CG converged in 120 iterations.
  (o) CG converged in 120 iterations.
  (o) CG converged in 120 iterations.
  (o) CG converged in 120 iterations.
  (o) CG converged in 120 iterations.
  (o) CG converged in 120 iterations.
  (o) CG converged in 120 iterations.
  (o) CG converged in 120 iterations.
  (o) CG converged in 120 iterations.
  (o) CG converged in 120 iterations.
  (o) CG converged in 120 iterations.
  (o) CG converged in 120 iterations.
  (o) CG converged in 120 iterations.
  (o) CG converged in 120 iterations.
  (o) CG converged in 120 iterations.
  (o) CG converged in 120 iterations.
  (o) CG converged in 120 iterations.
  (o) CG converged in 120 iterations.
  (o) CG converged in 120 iterations.
  (o) CG converged in 120 iterations.
  (o) CG converged in 120 iterations.
  (o) CG converged in 120 iterations.
  (o) CG converged in 120 iterations.
  (o) CG converged in 120 iterations.
  (o) CG converged in 121 iterations.
  (o) CG converged in 121 iterations.
  (o) CG converged in 138 iterations.
  (o) CG converged in 120 iterations.
  (o) CG converged in 120 iterations.
  (o) CG converged in 120 iterations.
  (o) CG converged in 120 iterations.
  (o) CG converged in 120 iterations.
  (o) CG converged in 120 iterations.
  (o) CG converged in 120 iterations.
  (o) CG converged in 120 iterations.
  (o) CG converged in 120 iterations.
  (o) CG converged in 120 iterations.
  (o) CG converged in 120 iterations.
  (o) CG converged in 120 iterations.
  (o) CG converged in 120 iterations.
  (o) CG converged in 120 iterations.
  (o) CG converged in 120 iterations.
  (o) CG converged in 120 iterations.
  (o) CG converged in 120 iterations.
  (o) CG converged in 120 iterations.
  (o) CG converged in 120 iterations.
  (o) CG converged in 120 iterations.
  (o) CG converged in 120 iterations.
  (o) CG converged in 120 iterations.
  (o) CG converged in 120 iterations.
  (o) CG converged in 120 iterations.
  (o) CG converged in 120 iterations.
  (o) CG converged in 120 iterations.
  (o) CG converged in 120 iterations.
  (o) CG converged in 120 iterations.
  (o) CG converged in 120 iterations.
  (o) CG converged in 120 iterations.
  (o) CG converged in 120 iterations.
  (o) CG converged in 120 iterations.
  (o) CG converged in 120 iterations.
  (o) CG converged in 120 iterations.
  (o) CG converged in 120 iterations.
  (o) CG converged in 120 iterations.
  (o) CG converged in 120 iterations.
  (o) CG converged in 120 iterations.
  (o) CG converged in 120 iterations.
  (o) CG converged in 121 iterations.
  (o) CG converged in 121 iterations.
  (o) CG converged in 122 iterations.
  (o) CG converged in 138 iterations.
  (o) CG converged in 120 iterations.
  (o) CG converged in 120 iterations.
  (o) CG converged in 120 iterations.
  (o) CG converged in 120 iterations.
  (o) CG converged in 120 iterations.
  (o) CG converged in 120 iterations.
  (o) CG converged in 120 iterations.
  (o) CG converged in 120 iterations.
  (o) CG converged in 120 iterations.
  (o) CG converged in 120 iterations.
  (o) CG converged in 120 iterations.
  (o) CG converged in 120 iterations.
  (o) CG converged in 120 iterations.
  (o) CG converged in 120 iterations.
  (o) CG converged in 120 iterations.
  (o) CG converged in 120 iterations.
  (o) CG converged in 120 iterations.
  (o) CG converged in 120 iterations.
  (o) CG converged in 120 iterations.
  (o) CG converged in 120 iterations.
  (o) CG converged in 120 iterations.
  (o) CG converged in 120 iterations.
  (o) CG converged in 120 iterations.
  (o) CG converged in 120 iterations.
  (o) CG converged in 120 iterations.
  (o) CG converged in 120 iterations.
  (o) CG converged in 120 iterations.
  (o) CG converged in 120 iterations.
  (o) CG converged in 120 iterations.
  (o) CG converged in 120 iterations.
  (o) CG converged in 120 iterations.
  (o) CG converged in 120 iterations.
  (o) CG converged in 120 iterations.
  (o) CG converged in 120 iterations.
  (o) CG converged in 120 iterations.
  (o) CG converged in 120 iterations.
  (o) CG converged in 120 iterations.
  (o) CG converged in 120 iterations.
  (o) CG converged in 120 iterations.
  (o) CG converged in 120 iterations.
  (o) CG converged in 121 iterations.
  (o) CG converged in 121 iterations.
  (o) CG converged in 122 iterations.
  (o) CG converged in 138 iterations.
  (o) CG converged in 120 iterations.
  (o) CG converged in 120 iterations.
  (o) CG converged in 120 iterations.
  (o) CG converged in 120 iterations.
  (o) CG converged in 120 iterations.
  (o) CG converged in 120 iterations.
  (o) CG converged in 120 iterations.
  (o) CG converged in 120 iterations.
  (o) CG converged in 120 iterations.
  (o) CG converged in 120 iterations.
  (o) CG converged in 120 iterations.
  (o) CG converged in 120 iterations.
  (o) CG converged in 120 iterations.
  (o) CG converged in 120 iterations.
  (o) CG converged in 120 iterations.
  (o) CG converged in 120 iterations.
  (o) CG converged in 120 iterations.
  (o) CG converged in 120 iterations.
  (o) CG converged in 120 iterations.
  (o) CG converged in 120 iterations.
  (o) CG converged in 120 iterations.
  (o) CG converged in 120 iterations.
  (o) CG converged in 120 iterations.
  (o) CG converged in 120 iterations.
  (o) CG converged in 120 iterations.
  (o) CG converged in 120 iterations.
  (o) CG converged in 120 iterations.
  (o) CG converged in 120 iterations.
  (o) CG converged in 120 iterations.
  (o) CG converged in 120 iterations.
  (o) CG converged in 120 iterations.
  (o) CG converged in 120 iterations.
  (o) CG converged in 120 iterations.
  (o) CG converged in 120 iterations.
  (o) CG converged in 120 iterations.
  (o) CG converged in 120 iterations.
  (o) CG converged in 120 iterations.
  (o) CG converged in 120 iterations.
  (o) CG converged in 120 iterations.
  (o) CG converged in 120 iterations.
  (o) CG converged in 121 iterations.
  (o) CG converged in 122 iterations.
  (o) CG converged in 138 iterations.
  (o) CG converged in 120 iterations.
  (o) CG converged in 120 iterations.
  (o) CG converged in 120 iterations.
  (o) CG converged in 120 iterations.
  (o) CG converged in 120 iterations.
  (o) CG converged in 120 iterations.
  (o) CG converged in 120 iterations.
  (o) CG converged in 120 iterations.
  (o) CG converged in 120 iterations.
  (o) CG converged in 120 iterations.
  (o) CG converged in 120 iterations.
  (o) CG converged in 120 iterations.
  (o) CG converged in 120 iterations.
  (o) CG converged in 120 iterations.
  (o) CG converged in 120 iterations.
  (o) CG converged in 120 iterations.
  (o) CG converged in 120 iterations.
  (o) CG converged in 120 iterations.
  (o) CG converged in 120 iterations.
  (o) CG converged in 120 iterations.
  (o) CG converged in 120 iterations.
  (o) CG converged in 120 iterations.
  (o) CG converged in 120 iterations.
  (o) CG converged in 120 iterations.
  (o) CG converged in 120 iterations.
  (o) CG converged in 120 iterations.
  (o) CG converged in 120 iterations.
  (o) CG converged in 120 iterations.
  (o) CG converged in 120 iterations.
  (o) CG converged in 120 iterations.
  (o) CG converged in 120 iterations.
  (o) CG converged in 120 iterations.
  (o) CG converged in 120 iterations.
  (o) CG converged in 120 iterations.
  (o) CG converged in 120 iterations.
  (o) CG converged in 120 iterations.
  (o) CG converged in 120 iterations.
  (o) CG converged in 120 iterations.
  (o) CG converged in 120 iterations.
  (o) CG converged in 120 iterations.
  (o) CG converged in 121 iterations.
  (o) CG converged in 121 iterations.
  (o) CG converged in 122 iterations.
  (o) CG converged in 138 iterations.
  (o) CG converged in 120 iterations.
  (o) CG converged in 120 iterations.
  (o) CG converged in 120 iterations.
  (o) CG converged in 120 iterations.
  (o) CG converged in 120 iterations.
  (o) CG converged in 120 iterations.
  (o) CG converged in 120 iterations.
  (o) CG converged in 120 iterations.
  (o) CG converged in 120 iterations.
  (o) CG converged in 120 iterations.
  (o) CG converged in 120 iterations.
  (o) CG converged in 120 iterations.
  (o) CG converged in 120 iterations.
  (o) CG converged in 120 iterations.
  (o) CG converged in 120 iterations.
  (o) CG converged in 120 iterations.
  (o) CG converged in 120 iterations.
  (o) CG converged in 120 iterations.
  (o) CG converged in 120 iterations.
  (o) CG converged in 120 iterations.
  (o) CG converged in 120 iterations.
  (o) CG converged in 120 iterations.
  (o) CG converged in 120 iterations.
  (o) CG converged in 120 iterations.
  (o) CG converged in 120 iterations.
  (o) CG converged in 120 iterations.
  (o) CG converged in 120 iterations.
  (o) CG converged in 120 iterations.
  (o) CG converged in 120 iterations.
  (o) CG converged in 120 iterations.
  (o) CG converged in 120 iterations.
  (o) CG converged in 120 iterations.
  (o) CG converged in 120 iterations.
  (o) CG converged in 120 iterations.
  (o) CG converged in 120 iterations.
  (o) CG converged in 120 iterations.
  (o) CG converged in 120 iterations.
  (o) CG converged in 120 iterations.
  (o) CG converged in 120 iterations.
  (o) CG converged in 120 iterations.
  (o) CG converged in 121 iterations.
  (o) CG converged in 121 iterations.
  (o) CG converged in 122 iterations.
  (o) CG converged in 138 iterations.
  (o) CG converged in 120 iterations.
  (o) CG converged in 120 iterations.
  (o) CG converged in 120 iterations.
  (o) CG converged in 120 iterations.
  (o) CG converged in 120 iterations.
  (o) CG converged in 120 iterations.
  (o) CG converged in 120 iterations.
  (o) CG converged in 120 iterations.
  (o) CG converged in 120 iterations.
  (o) CG converged in 120 iterations.
  (o) CG converged in 120 iterations.
  (o) CG converged in 120 iterations.
  (o) CG converged in 120 iterations.
  (o) CG converged in 120 iterations.
  (o) CG converged in 120 iterations.
  (o) CG converged in 120 iterations.
  (o) CG converged in 120 iterations.
  (o) CG converged in 120 iterations.
  (o) CG converged in 120 iterations.
  (o) CG converged in 120 iterations.
  (o) CG converged in 120 iterations.
  (o) CG converged in 120 iterations.
  (o) CG converged in 120 iterations.
  (o) CG converged in 120 iterations.
  (o) CG converged in 120 iterations.
  (o) CG converged in 120 iterations.
  (o) CG converged in 120 iterations.
  (o) CG converged in 120 iterations.
  (o) CG converged in 120 iterations.
  (o) CG converged in 120 iterations.
  (o) CG converged in 120 iterations.
  (o) CG converged in 120 iterations.
  (o) CG converged in 120 iterations.
  (o) CG converged in 120 iterations.
  (o) CG converged in 120 iterations.
  (o) CG converged in 120 iterations.
  (o) CG converged in 120 iterations.
  (o) CG converged in 120 iterations.
  (o) CG converged in 120 iterations.
  (o) CG converged in 120 iterations.
  (o) CG converged in 121 iterations.
  (o) CG converged in 122 iterations.
  (o) CG converged in 138 iterations.
  (o) CG converged in 120 iterations.
  (o) CG converged in 120 iterations.
  (o) CG converged in 120 iterations.
  (o) CG converged in 120 iterations.
  (o) CG converged in 120 iterations.
  (o) CG converged in 120 iterations.
  (o) CG converged in 120 iterations.
  (o) CG converged in 120 iterations.
  (o) CG converged in 120 iterations.
  (o) CG converged in 120 iterations.
  (o) CG converged in 120 iterations.
  (o) CG converged in 120 iterations.
  (o) CG converged in 120 iterations.
  (o) CG converged in 120 iterations.
  (o) CG converged in 120 iterations.
  (o) CG converged in 120 iterations.
  (o) CG converged in 120 iterations.
  (o) CG converged in 120 iterations.
  (o) CG converged in 120 iterations.
  (o) CG converged in 120 iterations.
  (o) CG converged in 120 iterations.
  (o) CG converged in 120 iterations.
  (o) CG converged in 120 iterations.
  (o) CG converged in 120 iterations.
  (o) CG converged in 120 iterations.
  (o) CG converged in 120 iterations.
  (o) CG converged in 120 iterations.
  (o) CG converged in 120 iterations.
  (o) CG converged in 120 iterations.
  (o) CG converged in 120 iterations.
  (o) CG converged in 120 iterations.
  (o) CG converged in 120 iterations.
  (o) CG converged in 120 iterations.
  (o) CG converged in 120 iterations.
  (o) CG converged in 120 iterations.
  (o) CG converged in 120 iterations.
  (o) CG converged in 120 iterations.
  (o) CG converged in 120 iterations.
  (o) CG converged in 120 iterations.
  (o) CG converged in 121 iterations.
  (o) CG converged in 121 iterations.
  (o) CG converged in 122 iterations.
  (o) CG converged in 138 iterations.
  (o) CG converged in 120 iterations.
  (o) CG converged in 120 iterations.
  (o) CG converged in 120 iterations.
  (o) CG converged in 120 iterations.
  (o) CG converged in 120 iterations.
  (o) CG converged in 120 iterations.
  (o) CG converged in 120 iterations.
  (o) CG converged in 120 iterations.
  (o) CG converged in 120 iterations.
  (o) CG converged in 120 iterations.
  (o) CG converged in 120 iterations.
  (o) CG converged in 120 iterations.
  (o) CG converged in 120 iterations.
  (o) CG converged in 120 iterations.
  (o) CG converged in 120 iterations.
  (o) CG converged in 120 iterations.
  (o) CG converged in 120 iterations.
  (o) CG converged in 120 iterations.
  (o) CG converged in 120 iterations.
  (o) CG converged in 120 iterations.
  (o) CG converged in 120 iterations.
  (o) CG converged in 120 iterations.
  (o) CG converged in 120 iterations.
  (o) CG converged in 120 iterations.
  (o) CG converged in 120 iterations.
  (o) CG converged in 120 iterations.
  (o) CG converged in 120 iterations.
  (o) CG converged in 120 iterations.
  (o) CG converged in 120 iterations.
  (o) CG converged in 120 iterations.
  (o) CG converged in 120 iterations.
  (o) CG converged in 120 iterations.
  (o) CG converged in 120 iterations.
  (o) CG converged in 120 iterations.
  (o) CG converged in 120 iterations.
  (o) CG converged in 120 iterations.
  (o) CG converged in 120 iterations.
  (o) CG converged in 120 iterations.
  (o) CG converged in 120 iterations.
  (o) CG converged in 120 iterations.
  (o) CG converged in 121 iterations.
  (o) CG converged in 121 iterations.
  (o) CG converged in 122 iterations.
  (o) CG converged in 138 iterations.
  (o) CG converged in 120 iterations.
  (o) CG converged in 120 iterations.
  (o) CG converged in 120 iterations.
  (o) CG converged in 120 iterations.
  (o) CG converged in 120 iterations.
  (o) CG converged in 120 iterations.
  (o) CG converged in 120 iterations.
  (o) CG converged in 120 iterations.
  (o) CG converged in 120 iterations.
  (o) CG converged in 120 iterations.
  (o) CG converged in 120 iterations.
  (o) CG converged in 120 iterations.
  (o) CG converged in 120 iterations.
  (o) CG converged in 120 iterations.
  (o) CG converged in 120 iterations.
  (o) CG converged in 120 iterations.
  (o) CG converged in 120 iterations.
  (o) CG converged in 120 iterations.
  (o) CG converged in 120 iterations.
  (o) CG converged in 120 iterations.
  (o) CG converged in 120 iterations.
  (o) CG converged in 120 iterations.
  (o) CG converged in 120 iterations.
  (o) CG converged in 120 iterations.
  (o) CG converged in 120 iterations.
  (o) CG converged in 120 iterations.
  (o) CG converged in 120 iterations.
  (o) CG converged in 120 iterations.
  (o) CG converged in 120 iterations.
  (o) CG converged in 120 iterations.
  (o) CG converged in 120 iterations.
  (o) CG converged in 120 iterations.
  (o) CG converged in 120 iterations.
  (o) CG converged in 120 iterations.
  (o) CG converged in 120 iterations.
  (o) CG converged in 120 iterations.
  (o) CG converged in 120 iterations.
  (o) CG converged in 120 iterations.
  (o) CG converged in 120 iterations.
  (o) CG converged in 120 iterations.
  (o) CG converged in 121 iterations.
  (o) CG converged in 121 iterations.
  (o) CG converged in 122 iterations.
  (o) CG converged in 138 iterations.
  (o) CG converged in 120 iterations.
  (o) CG converged in 120 iterations.
  (o) CG converged in 120 iterations.
  (o) CG converged in 120 iterations.
  (o) CG converged in 120 iterations.
  (o) CG converged in 120 iterations.
  (o) CG converged in 120 iterations.
  (o) CG converged in 120 iterations.
  (o) CG converged in 120 iterations.
  (o) CG converged in 120 iterations.
  (o) CG converged in 120 iterations.
  (o) CG converged in 120 iterations.
  (o) CG converged in 120 iterations.
  (o) CG converged in 120 iterations.
  (o) CG converged in 120 iterations.
  (o) CG converged in 120 iterations.
  (o) CG converged in 120 iterations.
  (o) CG converged in 120 iterations.
  (o) CG converged in 120 iterations.
  (o) CG converged in 120 iterations.
  (o) CG converged in 120 iterations.
  (o) CG converged in 120 iterations.
  (o) CG converged in 120 iterations.
  (o) CG converged in 120 iterations.
  (o) CG converged in 120 iterations.
  (o) CG converged in 120 iterations.
  (o) CG converged in 120 iterations.
  (o) CG converged in 120 iterations.
  (o) CG converged in 120 iterations.
  (o) CG converged in 120 iterations.
  (o) CG converged in 120 iterations.
  (o) CG converged in 120 iterations.
  (o) CG converged in 120 iterations.
  (o) CG converged in 120 iterations.
  (o) CG converged in 120 iterations.
  (o) CG converged in 120 iterations.
  (o) CG converged in 120 iterations.
  (o) CG converged in 120 iterations.
  (o) CG converged in 120 iterations.
  (o) CG converged in 120 iterations.
  (o) CG converged in 120 iterations.
  (o) CG converged in 121 iterations.
  (o) CG converged in 122 iterations.
  (o) CG converged in 138 iterations.
  (o) CG converged in 120 iterations.
  (o) CG converged in 120 iterations.
  (o) CG converged in 120 iterations.
  (o) CG converged in 120 iterations.
  (o) CG converged in 120 iterations.
  (o) CG converged in 120 iterations.
  (o) CG converged in 120 iterations.
  (o) CG converged in 120 iterations.
  (o) CG converged in 120 iterations.
  (o) CG converged in 120 iterations.
  (o) CG converged in 120 iterations.
  (o) CG converged in 120 iterations.
  (o) CG converged in 120 iterations.
  (o) CG converged in 120 iterations.
  (o) CG converged in 120 iterations.
  (o) CG converged in 120 iterations.
  (o) CG converged in 120 iterations.
  (o) CG converged in 120 iterations.
  (o) CG converged in 120 iterations.
  (o) CG converged in 120 iterations.
  (o) CG converged in 120 iterations.
  (o) CG converged in 120 iterations.
  (o) CG converged in 120 iterations.
  (o) CG converged in 120 iterations.
  (o) CG converged in 120 iterations.
  (o) CG converged in 120 iterations.
  (o) CG converged in 120 iterations.
  (o) CG converged in 120 iterations.
  (o) CG converged in 120 iterations.
  (o) CG converged in 120 iterations.
  (o) CG converged in 120 iterations.
  (o) CG converged in 120 iterations.
  (o) CG converged in 120 iterations.
  (o) CG converged in 120 iterations.
  (o) CG converged in 120 iterations.
  (o) CG converged in 120 iterations.
  (o) CG converged in 120 iterations.
  (o) CG converged in 120 iterations.
  (o) CG converged in 120 iterations.
  (o) CG converged in 121 iterations.
  (o) CG converged in 121 iterations.
  (o) CG converged in 122 iterations.
  (o) CG converged in 138 iterations.
  (o) CG converged in 120 iterations.
  (o) CG converged in 120 iterations.
  (o) CG converged in 120 iterations.
  (o) CG converged in 120 iterations.
  (o) CG converged in 120 iterations.
  (o) CG converged in 120 iterations.
  (o) CG converged in 120 iterations.
  (o) CG converged in 120 iterations.
  (o) CG converged in 120 iterations.
  (o) CG converged in 120 iterations.
  (o) CG converged in 120 iterations.
  (o) CG converged in 120 iterations.
  (o) CG converged in 120 iterations.
  (o) CG converged in 120 iterations.
  (o) CG converged in 120 iterations.
  (o) CG converged in 120 iterations.
  (o) CG converged in 120 iterations.
  (o) CG converged in 120 iterations.
  (o) CG converged in 120 iterations.
  (o) CG converged in 120 iterations.
  (o) CG converged in 120 iterations.
  (o) CG converged in 120 iterations.
  (o) CG converged in 120 iterations.
  (o) CG converged in 120 iterations.
  (o) CG converged in 120 iterations.
  (o) CG converged in 120 iterations.
  (o) CG converged in 120 iterations.
  (o) CG converged in 120 iterations.
  (o) CG converged in 120 iterations.
  (o) CG converged in 120 iterations.
  (o) CG converged in 120 iterations.
  (o) CG converged in 120 iterations.
  (o) CG converged in 120 iterations.
  (o) CG converged in 120 iterations.
  (o) CG converged in 120 iterations.
  (o) CG converged in 120 iterations.
  (o) CG converged in 120 iterations.
  (o) CG converged in 120 iterations.
  (o) CG converged in 120 iterations.
  (o) CG converged in 120 iterations.
  (o) CG converged in 121 iterations.
  (o) CG converged in 121 iterations.
  (o) CG converged in 138 iterations.
  (o) CG converged in 120 iterations.
  (o) CG converged in 120 iterations.
  (o) CG converged in 120 iterations.
  (o) CG converged in 120 iterations.
  (o) CG converged in 120 iterations.
  (o) CG converged in 120 iterations.
  (o) CG converged in 120 iterations.
  (o) CG converged in 120 iterations.
  (o) CG converged in 120 iterations.
  (o) CG converged in 120 iterations.
  (o) CG converged in 120 iterations.
  (o) CG converged in 120 iterations.
  (o) CG converged in 120 iterations.
  (o) CG converged in 120 iterations.
  (o) CG converged in 120 iterations.
  (o) CG converged in 120 iterations.
  (o) CG converged in 120 iterations.
  (o) CG converged in 120 iterations.
  (o) CG converged in 120 iterations.
  (o) CG converged in 120 iterations.
  (o) CG converged in 120 iterations.
  (o) CG converged in 120 iterations.
  (o) CG converged in 120 iterations.
  (o) CG converged in 120 iterations.
  (o) CG converged in 120 iterations.
  (o) CG converged in 120 iterations.
  (o) CG converged in 120 iterations.
  (o) CG converged in 120 iterations.
  (o) CG converged in 120 iterations.
  (o) CG converged in 120 iterations.
  (o) CG converged in 120 iterations.
  (o) CG converged in 120 iterations.
  (o) CG converged in 120 iterations.
  (o) CG converged in 120 iterations.
  (o) CG converged in 120 iterations.
  (o) CG converged in 120 iterations.
  (o) CG converged in 120 iterations.
  (o) CG converged in 120 iterations.
  (o) CG converged in 120 iterations.
  (o) CG converged in 121 iterations.
  (o) CG converged in 121 iterations.
  (o) CG converged in 122 iterations.
  (o) CG converged in 138 iterations.
  (o) CG converged in 120 iterations.
  (o) CG converged in 120 iterations.
  (o) CG converged in 120 iterations.
  (o) CG converged in 120 iterations.
  (o) CG converged in 120 iterations.
  (o) CG converged in 120 iterations.
  (o) CG converged in 120 iterations.
  (o) CG converged in 120 iterations.
  (o) CG converged in 120 iterations.
  (o) CG converged in 120 iterations.
  (o) CG converged in 120 iterations.
  (o) CG converged in 120 iterations.
  (o) CG converged in 120 iterations.
  (o) CG converged in 120 iterations.
  (o) CG converged in 120 iterations.
  (o) CG converged in 120 iterations.
  (o) CG converged in 120 iterations.
  (o) CG converged in 120 iterations.
  (o) CG converged in 120 iterations.
  (o) CG converged in 120 iterations.
  (o) CG converged in 120 iterations.
  (o) CG converged in 120 iterations.
  (o) CG converged in 120 iterations.
  (o) CG converged in 120 iterations.
  (o) CG converged in 120 iterations.
  (o) CG converged in 120 iterations.
  (o) CG converged in 120 iterations.
  (o) CG converged in 120 iterations.
  (o) CG converged in 120 iterations.
  (o) CG converged in 120 iterations.
  (o) CG converged in 120 iterations.
  (o) CG converged in 120 iterations.
  (o) CG converged in 120 iterations.
  (o) CG converged in 120 iterations.
  (o) CG converged in 120 iterations.
  (o) CG converged in 120 iterations.
  (o) CG converged in 120 iterations.
  (o) CG converged in 120 iterations.
  (o) CG converged in 120 iterations.
  (o) CG converged in 120 iterations.
  (o) CG converged in 121 iterations.
  (o) CG converged in 121 iterations.
  (o) CG converged in 138 iterations.
  (o) CG converged in 120 iterations.
  (o) CG converged in 120 iterations.
  (o) CG converged in 120 iterations.
  (o) CG converged in 120 iterations.
  (o) CG converged in 120 iterations.
  (o) CG converged in 120 iterations.
  (o) CG converged in 120 iterations.
  (o) CG converged in 120 iterations.
  (o) CG converged in 120 iterations.
  (o) CG converged in 120 iterations.
  (o) CG converged in 120 iterations.
  (o) CG converged in 120 iterations.
  (o) CG converged in 120 iterations.
  (o) CG converged in 120 iterations.
  (o) CG converged in 120 iterations.
  (o) CG converged in 120 iterations.
  (o) CG converged in 120 iterations.
  (o) CG converged in 120 iterations.
  (o) CG converged in 120 iterations.
  (o) CG converged in 120 iterations.
  (o) CG converged in 120 iterations.
  (o) CG converged in 120 iterations.
  (o) CG converged in 120 iterations.
  (o) CG converged in 120 iterations.
  (o) CG converged in 120 iterations.
  (o) CG converged in 120 iterations.
  (o) CG converged in 120 iterations.
  (o) CG converged in 120 iterations.
  (o) CG converged in 120 iterations.
  (o) CG converged in 120 iterations.
  (o) CG converged in 120 iterations.
  (o) CG converged in 120 iterations.
  (o) CG converged in 120 iterations.
  (o) CG converged in 120 iterations.
  (o) CG converged in 120 iterations.
  (o) CG converged in 120 iterations.
  (o) CG converged in 120 iterations.
  (o) CG converged in 120 iterations.
  (o) CG converged in 120 iterations.
  (o) CG converged in 121 iterations.
  (o) CG converged in 121 iterations.
  (o) CG converged in 138 iterations.
  (o) CG converged in 120 iterations.
sa failed to converge after 1000 iterations.
[timingInfo] [timingInfo name not set] Finish time (Wall): 3.77124e+06 Finish time (CPU) : 41369281
[timingInfo] [timingInfo name not set] Elapsed time (Wall, seconds): 41.1334 Elapsed time (CPU, seconds) : 41.0406
(o) Writing gnuplot command file pc_'phi_sa_cg'
