
------------------------------------------------------

 S O L V E R S                                        
 D E M O   C O D E                                    

 Running on 9 processors 

------------------------------------------------------


Input Summary: 
--------------------------- 
No. PE   in  x-direction: 3
             y-direction: 3
No. Cells in x-direction: 32
             y-direction: 32
Linear solver           : cg
Non-Linear solver       : sa

LINEAR SOLVE for initial guess
  (o) CG converged in 406 iterations.
[timingInfo] [timingInfo name not set] Start time (Wall): 9.58374e+06 Start time (CPU) : 323350
(o) Writing gnuplot command file pc_'phi'
[timingInfo] [timingInfo name not set] Start time (Wall): 9.58371e+06 Start time (CPU) : 321635
[timingInfo] [timingInfo name not set] Start time (Wall): 9.58372e+06 Start time (CPU) : 312139
NON-LINEAR SOLVE
[timingInfo] [timingInfo name not set] Start time (Wall): 9.58373e+06 Start time (CPU) : 326680
[timingInfo] [timingInfo name not set] Start time (Wall): 9.58372e+06 Start time (CPU) : 311790
[timingInfo] [timingInfo name not set] Start time (Wall): 9.58368e+06 Start time (CPU) : 325106
[timingInfo] [timingInfo name not set] Start time (Wall): 9.5837e+06 Start time (CPU) : 323892
[timingInfo] [timingInfo name not set] Start time (Wall): 9.5837e+06 Start time (CPU) : 297399
[timingInfo] [timingInfo name not set] Start time (Wall): 9.58369e+06 Start time (CPU) : 323630
  (o) CG converged in 310 iterations.
  (o) CG converged in 304 iterations.
  (o) CG converged in 301 iterations.
  (o) CG converged in 298 iterations.
  (o) CG converged in 296 iterations.
  (o) CG converged in 295 iterations.
  (o) CG converged in 295 iterations.
  (o) CG converged in 295 iterations.
  (o) CG converged in 295 iterations.
  (o) CG converged in 294 iterations.
  (o) CG converged in 294 iterations.
  (o) CG converged in 294 iterations.
  (o) CG converged in 294 iterations.
  (o) CG converged in 294 iterations.
  (o) CG converged in 294 iterations.
  (o) CG converged in 294 iterations.
  (o) CG converged in 294 iterations.
  (o) CG converged in 294 iterations.
  (o) CG converged in 294 iterations.
  (o) CG converged in 294 iterations.
  (o) CG converged in 294 iterations.
  (o) CG converged in 294 iterations.
  (o) CG converged in 294 iterations.
  (o) CG converged in 294 iterations.
  (o) CG converged in 294 iterations.
  (o) CG converged in 294 iterations.
  (o) CG converged in 294 iterations.
  (o) CG converged in 294 iterations.
  (o) CG converged in 294 iterations.
  (o) CG converged in 294 iterations.
  (o) CG converged in 294 iterations.
  (o) CG converged in 294 iterations.
  (o) CG converged in 294 iterations.
  (o) CG converged in 295 iterations.
  (o) CG converged in 332 iterations.
  (o) CG converged in 294 iterations.
  (o) CG converged in 294 iterations.
  (o) CG converged in 294 iterations.
  (o) CG converged in 294 iterations.
  (o) CG converged in 294 iterations.
  (o) CG converged in 294 iterations.
  (o) CG converged in 294 iterations.
  (o) CG converged in 294 iterations.
  (o) CG converged in 294 iterations.
  (o) CG converged in 294 iterations.
  (o) CG converged in 294 iterations.
  (o) CG converged in 294 iterations.
  (o) CG converged in 294 iterations.
  (o) CG converged in 294 iterations.
  (o) CG converged in 294 iterations.
  (o) CG converged in 294 iterations.
  (o) CG converged in 294 iterations.
  (o) CG converged in 294 iterations.
  (o) CG converged in 295 iterations.
  (o) CG converged in 332 iterations.
  (o) CG converged in 294 iterations.
  (o) CG converged in 294 iterations.
  (o) CG converged in 294 iterations.
  (o) CG converged in 294 iterations.
  (o) CG converged in 294 iterations.
  (o) CG converged in 294 iterations.
  (o) CG converged in 294 iterations.
  (o) CG converged in 294 iterations.
  (o) CG converged in 294 iterations.
  (o) CG converged in 294 iterations.
  (o) CG converged in 294 iterations.
  (o) CG converged in 294 iterations.
  (o) CG converged in 294 iterations.
  (o) CG converged in 294 iterations.
  (o) CG converged in 294 iterations.
  (o) CG converged in 294 iterations.
  (o) CG converged in 294 iterations.
  (o) CG converged in 294 iterations.
  (o) CG converged in 295 iterations.
  (o) CG converged in 332 iterations.
  (o) CG converged in 294 iterations.
  (o) CG converged in 294 iterations.
  (o) CG converged in 294 iterations.
  (o) CG converged in 294 iterations.
  (o) CG converged in 294 iterations.
  (o) CG converged in 294 iterations.
  (o) CG converged in 294 iterations.
  (o) CG converged in 294 iterations.
  (o) CG converged in 294 iterations.
  (o) CG converged in 294 iterations.
  (o) CG converged in 294 iterations.
  (o) CG converged in 294 iterations.
  (o) CG converged in 294 iterations.
  (o) CG converged in 294 iterations.
  (o) CG converged in 294 iterations.
  (o) CG converged in 294 iterations.
  (o) CG converged in 294 iterations.
  (o) CG converged in 294 iterations.
  (o) CG converged in 295 iterations.
  (o) CG converged in 332 iterations.
  (o) CG converged in 294 iterations.
  (o) CG converged in 294 iterations.
  (o) CG converged in 294 iterations.
  (o) CG converged in 294 iterations.
  (o) CG converged in 294 iterations.
  (o) CG converged in 294 iterations.
  (o) CG converged in 294 iterations.
  (o) CG converged in 294 iterations.
  (o) CG converged in 294 iterations.
  (o) CG converged in 294 iterations.
  (o) CG converged in 294 iterations.
  (o) CG converged in 294 iterations.
  (o) CG converged in 294 iterations.
  (o) CG converged in 294 iterations.
  (o) CG converged in 294 iterations.
  (o) CG converged in 294 iterations.
  (o) CG converged in 294 iterations.
  (o) CG converged in 294 iterations.
  (o) CG converged in 295 iterations.
  (o) CG converged in 332 iterations.
  (o) CG converged in 294 iterations.
  (o) CG converged in 294 iterations.
  (o) CG converged in 294 iterations.
  (o) CG converged in 294 iterations.
  (o) CG converged in 294 iterations.
  (o) CG converged in 294 iterations.
  (o) CG converged in 294 iterations.
  (o) CG converged in 294 iterations.
  (o) CG converged in 294 iterations.
  (o) CG converged in 294 iterations.
  (o) CG converged in 294 iterations.
  (o) CG converged in 294 iterations.
  (o) CG converged in 294 iterations.
  (o) CG converged in 294 iterations.
  (o) CG converged in 294 iterations.
  (o) CG converged in 294 iterations.
  (o) CG converged in 294 iterations.
  (o) CG converged in 294 iterations.
  (o) CG converged in 295 iterations.
  (o) CG converged in 332 iterations.
  (o) CG converged in 294 iterations.
  (o) CG converged in 294 iterations.
  (o) CG converged in 294 iterations.
  (o) CG converged in 294 iterations.
  (o) CG converged in 294 iterations.
  (o) CG converged in 294 iterations.
  (o) CG converged in 294 iterations.
  (o) CG converged in 294 iterations.
  (o) CG converged in 294 iterations.
  (o) CG converged in 294 iterations.
  (o) CG converged in 294 iterations.
  (o) CG converged in 294 iterations.
  (o) CG converged in 294 iterations.
  (o) CG converged in 294 iterations.
  (o) CG converged in 294 iterations.
  (o) CG converged in 294 iterations.
  (o) CG converged in 294 iterations.
  (o) CG converged in 294 iterations.
  (o) CG converged in 295 iterations.
  (o) CG converged in 332 iterations.
  (o) CG converged in 294 iterations.
  (o) CG converged in 294 iterations.
  (o) CG converged in 294 iterations.
  (o) CG converged in 294 iterations.
  (o) CG converged in 294 iterations.
  (o) CG converged in 294 iterations.
  (o) CG converged in 294 iterations.
  (o) CG converged in 294 iterations.
  (o) CG converged in 294 iterations.
  (o) CG converged in 294 iterations.
  (o) CG converged in 294 iterations.
  (o) CG converged in 294 iterations.
  (o) CG converged in 294 iterations.
  (o) CG converged in 294 iterations.
  (o) CG converged in 294 iterations.
  (o) CG converged in 294 iterations.
  (o) CG converged in 294 iterations.
  (o) CG converged in 294 iterations.
  (o) CG converged in 295 iterations.
  (o) CG converged in 332 iterations.
  (o) CG converged in 294 iterations.
  (o) CG converged in 294 iterations.
  (o) CG converged in 294 iterations.
  (o) CG converged in 294 iterations.
  (o) CG converged in 294 iterations.
  (o) CG converged in 294 iterations.
  (o) CG converged in 294 iterations.
  (o) CG converged in 294 iterations.
  (o) CG converged in 294 iterations.
  (o) CG converged in 294 iterations.
  (o) CG converged in 294 iterations.
  (o) CG converged in 294 iterations.
  (o) CG converged in 294 iterations.
  (o) CG converged in 294 iterations.
  (o) CG converged in 294 iterations.
  (o) CG converged in 294 iterations.
  (o) CG converged in 294 iterations.
  (o) CG converged in 294 iterations.
  (o) CG converged in 295 iterations.
  (o) CG converged in 332 iterations.
  (o) CG converged in 294 iterations.
  (o) CG converged in 294 iterations.
  (o) CG converged in 294 iterations.
  (o) CG converged in 294 iterations.
  (o) CG converged in 294 iterations.
  (o) CG converged in 294 iterations.
  (o) CG converged in 294 iterations.
  (o) CG converged in 294 iterations.
  (o) CG converged in 294 iterations.
  (o) CG converged in 294 iterations.
  (o) CG converged in 294 iterations.
  (o) CG converged in 294 iterations.
  (o) CG converged in 294 iterations.
  (o) CG converged in 294 iterations.
  (o) CG converged in 294 iterations.
  (o) CG converged in 294 iterations.
  (o) CG converged in 294 iterations.
  (o) CG converged in 294 iterations.
  (o) CG converged in 295 iterations.
  (o) CG converged in 332 iterations.
  (o) CG converged in 294 iterations.
  (o) CG converged in 294 iterations.
  (o) CG converged in 294 iterations.
  (o) CG converged in 294 iterations.
  (o) CG converged in 294 iterations.
  (o) CG converged in 294 iterations.
  (o) CG converged in 294 iterations.
  (o) CG converged in 294 iterations.
  (o) CG converged in 294 iterations.
  (o) CG converged in 294 iterations.
  (o) CG converged in 294 iterations.
  (o) CG converged in 294 iterations.
  (o) CG converged in 294 iterations.
  (o) CG converged in 294 iterations.
  (o) CG converged in 294 iterations.
  (o) CG converged in 294 iterations.
  (o) CG converged in 294 iterations.
  (o) CG converged in 294 iterations.
  (o) CG converged in 295 iterations.
  (o) CG converged in 332 iterations.
  (o) CG converged in 294 iterations.
  (o) CG converged in 294 iterations.
  (o) CG converged in 294 iterations.
  (o) CG converged in 294 iterations.
  (o) CG converged in 294 iterations.
  (o) CG converged in 294 iterations.
  (o) CG converged in 294 iterations.
  (o) CG converged in 294 iterations.
  (o) CG converged in 294 iterations.
  (o) CG converged in 294 iterations.
  (o) CG converged in 294 iterations.
  (o) CG converged in 294 iterations.
  (o) CG converged in 294 iterations.
  (o) CG converged in 294 iterations.
  (o) CG converged in 294 iterations.
  (o) CG converged in 294 iterations.
  (o) CG converged in 294 iterations.
  (o) CG converged in 294 iterations.
  (o) CG converged in 295 iterations.
  (o) CG converged in 332 iterations.
  (o) CG converged in 294 iterations.
  (o) CG converged in 294 iterations.
  (o) CG converged in 294 iterations.
  (o) CG converged in 294 iterations.
  (o) CG converged in 294 iterations.
  (o) CG converged in 294 iterations.
  (o) CG converged in 294 iterations.
  (o) CG converged in 294 iterations.
  (o) CG converged in 294 iterations.
  (o) CG converged in 294 iterations.
  (o) CG converged in 294 iterations.
  (o) CG converged in 294 iterations.
  (o) CG converged in 294 iterations.
  (o) CG converged in 294 iterations.
  (o) CG converged in 294 iterations.
  (o) CG converged in 294 iterations.
  (o) CG converged in 294 iterations.
  (o) CG converged in 294 iterations.
  (o) CG converged in 295 iterations.
  (o) CG converged in 332 iterations.
  (o) CG converged in 294 iterations.
  (o) CG converged in 294 iterations.
  (o) CG converged in 294 iterations.
  (o) CG converged in 294 iterations.
  (o) CG converged in 294 iterations.
  (o) CG converged in 294 iterations.
  (o) CG converged in 294 iterations.
  (o) CG converged in 294 iterations.
  (o) CG converged in 294 iterations.
  (o) CG converged in 294 iterations.
  (o) CG converged in 294 iterations.
  (o) CG converged in 294 iterations.
  (o) CG converged in 294 iterations.
  (o) CG converged in 294 iterations.
  (o) CG converged in 294 iterations.
  (o) CG converged in 294 iterations.
  (o) CG converged in 294 iterations.
  (o) CG converged in 294 iterations.
  (o) CG converged in 295 iterations.
  (o) CG converged in 332 iterations.
  (o) CG converged in 294 iterations.
  (o) CG converged in 294 iterations.
  (o) CG converged in 294 iterations.
  (o) CG converged in 294 iterations.
  (o) CG converged in 294 iterations.
  (o) CG converged in 294 iterations.
  (o) CG converged in 294 iterations.
  (o) CG converged in 294 iterations.
  (o) CG converged in 294 iterations.
  (o) CG converged in 294 iterations.
  (o) CG converged in 294 iterations.
  (o) CG converged in 294 iterations.
  (o) CG converged in 294 iterations.
  (o) CG converged in 294 iterations.
  (o) CG converged in 294 iterations.
  (o) CG converged in 294 iterations.
  (o) CG converged in 294 iterations.
  (o) CG converged in 294 iterations.
  (o) CG converged in 295 iterations.
  (o) CG converged in 332 iterations.
  (o) CG converged in 294 iterations.
  (o) CG converged in 294 iterations.
  (o) CG converged in 294 iterations.
  (o) CG converged in 294 iterations.
  (o) CG converged in 294 iterations.
  (o) CG converged in 294 iterations.
  (o) CG converged in 294 iterations.
  (o) CG converged in 294 iterations.
  (o) CG converged in 294 iterations.
  (o) CG converged in 294 iterations.
  (o) CG converged in 294 iterations.
  (o) CG converged in 294 iterations.
  (o) CG converged in 294 iterations.
  (o) CG converged in 294 iterations.
  (o) CG converged in 294 iterations.
  (o) CG converged in 294 iterations.
  (o) CG converged in 294 iterations.
  (o) CG converged in 294 iterations.
  (o) CG converged in 295 iterations.
  (o) CG converged in 332 iterations.
  (o) CG converged in 294 iterations.
  (o) CG converged in 294 iterations.
  (o) CG converged in 294 iterations.
  (o) CG converged in 294 iterations.
  (o) CG converged in 294 iterations.
  (o) CG converged in 294 iterations.
  (o) CG converged in 294 iterations.
  (o) CG converged in 294 iterations.
  (o) CG converged in 294 iterations.
  (o) CG converged in 294 iterations.
  (o) CG converged in 294 iterations.
  (o) CG converged in 294 iterations.
  (o) CG converged in 294 iterations.
  (o) CG converged in 294 iterations.
  (o) CG converged in 294 iterations.
  (o) CG converged in 294 iterations.
  (o) CG converged in 294 iterations.
  (o) CG converged in 294 iterations.
  (o) CG converged in 295 iterations.
  (o) CG converged in 332 iterations.
  (o) CG converged in 294 iterations.
  (o) CG converged in 294 iterations.
  (o) CG converged in 294 iterations.
  (o) CG converged in 294 iterations.
  (o) CG converged in 294 iterations.
  (o) CG converged in 294 iterations.
  (o) CG converged in 294 iterations.
  (o) CG converged in 294 iterations.
  (o) CG converged in 294 iterations.
  (o) CG converged in 294 iterations.
  (o) CG converged in 294 iterations.
  (o) CG converged in 294 iterations.
  (o) CG converged in 294 iterations.
  (o) CG converged in 294 iterations.
  (o) CG converged in 294 iterations.
  (o) CG converged in 294 iterations.
  (o) CG converged in 294 iterations.
  (o) CG converged in 294 iterations.
  (o) CG converged in 295 iterations.
  (o) CG converged in 332 iterations.
  (o) CG converged in 294 iterations.
  (o) CG converged in 294 iterations.
  (o) CG converged in 294 iterations.
  (o) CG converged in 294 iterations.
  (o) CG converged in 294 iterations.
  (o) CG converged in 294 iterations.
  (o) CG converged in 294 iterations.
  (o) CG converged in 294 iterations.
  (o) CG converged in 294 iterations.
  (o) CG converged in 294 iterations.
  (o) CG converged in 294 iterations.
  (o) CG converged in 294 iterations.
  (o) CG converged in 294 iterations.
  (o) CG converged in 294 iterations.
  (o) CG converged in 294 iterations.
  (o) CG converged in 294 iterations.
  (o) CG converged in 294 iterations.
  (o) CG converged in 294 iterations.
  (o) CG converged in 295 iterations.
  (o) CG converged in 332 iterations.
  (o) CG converged in 294 iterations.
  (o) CG converged in 294 iterations.
  (o) CG converged in 294 iterations.
  (o) CG converged in 294 iterations.
  (o) CG converged in 294 iterations.
  (o) CG converged in 294 iterations.
  (o) CG converged in 294 iterations.
  (o) CG converged in 294 iterations.
  (o) CG converged in 294 iterations.
  (o) CG converged in 294 iterations.
  (o) CG converged in 294 iterations.
  (o) CG converged in 294 iterations.
  (o) CG converged in 294 iterations.
  (o) CG converged in 294 iterations.
  (o) CG converged in 294 iterations.
  (o) CG converged in 294 iterations.
  (o) CG converged in 294 iterations.
  (o) CG converged in 294 iterations.
  (o) CG converged in 295 iterations.
  (o) CG converged in 332 iterations.
  (o) CG converged in 294 iterations.
  (o) CG converged in 294 iterations.
  (o) CG converged in 294 iterations.
  (o) CG converged in 294 iterations.
  (o) CG converged in 294 iterations.
  (o) CG converged in 294 iterations.
  (o) CG converged in 294 iterations.
  (o) CG converged in 294 iterations.
  (o) CG converged in 294 iterations.
  (o) CG converged in 294 iterations.
  (o) CG converged in 294 iterations.
  (o) CG converged in 294 iterations.
  (o) CG converged in 294 iterations.
  (o) CG converged in 294 iterations.
  (o) CG converged in 294 iterations.
  (o) CG converged in 294 iterations.
  (o) CG converged in 294 iterations.
  (o) CG converged in 294 iterations.
  (o) CG converged in 295 iterations.
  (o) CG converged in 332 iterations.
  (o) CG converged in 294 iterations.
  (o) CG converged in 294 iterations.
  (o) CG converged in 294 iterations.
  (o) CG converged in 294 iterations.
  (o) CG converged in 294 iterations.
  (o) CG converged in 294 iterations.
  (o) CG converged in 294 iterations.
  (o) CG converged in 294 iterations.
  (o) CG converged in 294 iterations.
  (o) CG converged in 294 iterations.
  (o) CG converged in 294 iterations.
  (o) CG converged in 294 iterations.
  (o) CG converged in 294 iterations.
  (o) CG converged in 294 iterations.
  (o) CG converged in 294 iterations.
  (o) CG converged in 294 iterations.
  (o) CG converged in 294 iterations.
  (o) CG converged in 294 iterations.
  (o) CG converged in 295 iterations.
  (o) CG converged in 332 iterations.
  (o) CG converged in 294 iterations.
  (o) CG converged in 294 iterations.
  (o) CG converged in 294 iterations.
  (o) CG converged in 294 iterations.
  (o) CG converged in 294 iterations.
  (o) CG converged in 294 iterations.
  (o) CG converged in 294 iterations.
  (o) CG converged in 294 iterations.
  (o) CG converged in 294 iterations.
  (o) CG converged in 294 iterations.
  (o) CG converged in 294 iterations.
  (o) CG converged in 294 iterations.
  (o) CG converged in 294 iterations.
  (o) CG converged in 294 iterations.
  (o) CG converged in 294 iterations.
  (o) CG converged in 294 iterations.
  (o) CG converged in 294 iterations.
  (o) CG converged in 294 iterations.
  (o) CG converged in 295 iterations.
  (o) CG converged in 332 iterations.
  (o) CG converged in 294 iterations.
  (o) CG converged in 294 iterations.
  (o) CG converged in 294 iterations.
  (o) CG converged in 294 iterations.
  (o) CG converged in 294 iterations.
  (o) CG converged in 294 iterations.
  (o) CG converged in 294 iterations.
  (o) CG converged in 294 iterations.
  (o) CG converged in 294 iterations.
  (o) CG converged in 294 iterations.
  (o) CG converged in 294 iterations.
  (o) CG converged in 294 iterations.
  (o) CG converged in 294 iterations.
  (o) CG converged in 294 iterations.
  (o) CG converged in 294 iterations.
  (o) CG converged in 294 iterations.
  (o) CG converged in 294 iterations.
  (o) CG converged in 294 iterations.
  (o) CG converged in 295 iterations.
  (o) CG converged in 332 iterations.
  (o) CG converged in 294 iterations.
  (o) CG converged in 294 iterations.
  (o) CG converged in 294 iterations.
  (o) CG converged in 294 iterations.
  (o) CG converged in 294 iterations.
  (o) CG converged in 294 iterations.
  (o) CG converged in 294 iterations.
  (o) CG converged in 294 iterations.
  (o) CG converged in 294 iterations.
  (o) CG converged in 294 iterations.
  (o) CG converged in 294 iterations.
  (o) CG converged in 294 iterations.
  (o) CG converged in 294 iterations.
  (o) CG converged in 294 iterations.
  (o) CG converged in 294 iterations.
  (o) CG converged in 294 iterations.
  (o) CG converged in 294 iterations.
  (o) CG converged in 294 iterations.
  (o) CG converged in 295 iterations.
  (o) CG converged in 332 iterations.
  (o) CG converged in 294 iterations.
  (o) CG converged in 294 iterations.
  (o) CG converged in 294 iterations.
  (o) CG converged in 294 iterations.
  (o) CG converged in 294 iterations.
  (o) CG converged in 294 iterations.
  (o) CG converged in 294 iterations.
  (o) CG converged in 294 iterations.
  (o) CG converged in 294 iterations.
  (o) CG converged in 294 iterations.
  (o) CG converged in 294 iterations.
  (o) CG converged in 294 iterations.
  (o) CG converged in 294 iterations.
  (o) CG converged in 294 iterations.
  (o) CG converged in 294 iterations.
  (o) CG converged in 294 iterations.
  (o) CG converged in 294 iterations.
  (o) CG converged in 294 iterations.
  (o) CG converged in 295 iterations.
  (o) CG converged in 332 iterations.
  (o) CG converged in 294 iterations.
  (o) CG converged in 294 iterations.
  (o) CG converged in 294 iterations.
  (o) CG converged in 294 iterations.
  (o) CG converged in 294 iterations.
  (o) CG converged in 294 iterations.
  (o) CG converged in 294 iterations.
  (o) CG converged in 294 iterations.
  (o) CG converged in 294 iterations.
  (o) CG converged in 294 iterations.
  (o) CG converged in 294 iterations.
  (o) CG converged in 294 iterations.
  (o) CG converged in 294 iterations.
  (o) CG converged in 294 iterations.
  (o) CG converged in 294 iterations.
  (o) CG converged in 294 iterations.
  (o) CG converged in 294 iterations.
  (o) CG converged in 294 iterations.
  (o) CG converged in 295 iterations.
  (o) CG converged in 332 iterations.
  (o) CG converged in 294 iterations.
  (o) CG converged in 294 iterations.
  (o) CG converged in 294 iterations.
  (o) CG converged in 294 iterations.
  (o) CG converged in 294 iterations.
  (o) CG converged in 294 iterations.
  (o) CG converged in 294 iterations.
  (o) CG converged in 294 iterations.
  (o) CG converged in 294 iterations.
  (o) CG converged in 294 iterations.
  (o) CG converged in 294 iterations.
  (o) CG converged in 294 iterations.
  (o) CG converged in 294 iterations.
  (o) CG converged in 294 iterations.
  (o) CG converged in 294 iterations.
  (o) CG converged in 294 iterations.
  (o) CG converged in 294 iterations.
  (o) CG converged in 294 iterations.
  (o) CG converged in 295 iterations.
  (o) CG converged in 332 iterations.
  (o) CG converged in 294 iterations.
  (o) CG converged in 294 iterations.
  (o) CG converged in 294 iterations.
  (o) CG converged in 294 iterations.
  (o) CG converged in 294 iterations.
  (o) CG converged in 294 iterations.
  (o) CG converged in 294 iterations.
  (o) CG converged in 294 iterations.
  (o) CG converged in 294 iterations.
  (o) CG converged in 294 iterations.
  (o) CG converged in 294 iterations.
  (o) CG converged in 294 iterations.
  (o) CG converged in 294 iterations.
  (o) CG converged in 294 iterations.
  (o) CG converged in 294 iterations.
  (o) CG converged in 294 iterations.
  (o) CG converged in 294 iterations.
  (o) CG converged in 294 iterations.
  (o) CG converged in 295 iterations.
  (o) CG converged in 332 iterations.
  (o) CG converged in 294 iterations.
  (o) CG converged in 294 iterations.
  (o) CG converged in 294 iterations.
  (o) CG converged in 294 iterations.
  (o) CG converged in 294 iterations.
  (o) CG converged in 294 iterations.
  (o) CG converged in 294 iterations.
  (o) CG converged in 294 iterations.
  (o) CG converged in 294 iterations.
  (o) CG converged in 294 iterations.
  (o) CG converged in 294 iterations.
  (o) CG converged in 294 iterations.
  (o) CG converged in 294 iterations.
  (o) CG converged in 294 iterations.
  (o) CG converged in 294 iterations.
  (o) CG converged in 294 iterations.
  (o) CG converged in 294 iterations.
  (o) CG converged in 294 iterations.
  (o) CG converged in 295 iterations.
  (o) CG converged in 332 iterations.
  (o) CG converged in 294 iterations.
  (o) CG converged in 294 iterations.
  (o) CG converged in 294 iterations.
  (o) CG converged in 294 iterations.
  (o) CG converged in 294 iterations.
  (o) CG converged in 294 iterations.
  (o) CG converged in 294 iterations.
  (o) CG converged in 294 iterations.
  (o) CG converged in 294 iterations.
  (o) CG converged in 294 iterations.
  (o) CG converged in 294 iterations.
  (o) CG converged in 294 iterations.
  (o) CG converged in 294 iterations.
  (o) CG converged in 294 iterations.
  (o) CG converged in 294 iterations.
  (o) CG converged in 294 iterations.
  (o) CG converged in 294 iterations.
  (o) CG converged in 294 iterations.
  (o) CG converged in 295 iterations.
  (o) CG converged in 332 iterations.
  (o) CG converged in 294 iterations.
  (o) CG converged in 294 iterations.
  (o) CG converged in 294 iterations.
  (o) CG converged in 294 iterations.
  (o) CG converged in 294 iterations.
  (o) CG converged in 294 iterations.
  (o) CG converged in 294 iterations.
  (o) CG converged in 294 iterations.
  (o) CG converged in 294 iterations.
  (o) CG converged in 294 iterations.
  (o) CG converged in 294 iterations.
  (o) CG converged in 294 iterations.
  (o) CG converged in 294 iterations.
  (o) CG converged in 294 iterations.
  (o) CG converged in 294 iterations.
  (o) CG converged in 294 iterations.
  (o) CG converged in 294 iterations.
  (o) CG converged in 294 iterations.
  (o) CG converged in 295 iterations.
  (o) CG converged in 332 iterations.
  (o) CG converged in 294 iterations.
  (o) CG converged in 294 iterations.
  (o) CG converged in 294 iterations.
  (o) CG converged in 294 iterations.
  (o) CG converged in 294 iterations.
  (o) CG converged in 294 iterations.
  (o) CG converged in 294 iterations.
  (o) CG converged in 294 iterations.
  (o) CG converged in 294 iterations.
  (o) CG converged in 294 iterations.
  (o) CG converged in 294 iterations.
  (o) CG converged in 294 iterations.
  (o) CG converged in 294 iterations.
  (o) CG converged in 294 iterations.
  (o) CG converged in 294 iterations.
  (o) CG converged in 294 iterations.
  (o) CG converged in 294 iterations.
  (o) CG converged in 294 iterations.
  (o) CG converged in 295 iterations.
  (o) CG converged in 332 iterations.
  (o) CG converged in 294 iterations.
  (o) CG converged in 294 iterations.
  (o) CG converged in 294 iterations.
  (o) CG converged in 294 iterations.
  (o) CG converged in 294 iterations.
  (o) CG converged in 294 iterations.
  (o) CG converged in 294 iterations.
  (o) CG converged in 294 iterations.
  (o) CG converged in 294 iterations.
  (o) CG converged in 294 iterations.
  (o) CG converged in 294 iterations.
  (o) CG converged in 294 iterations.
  (o) CG converged in 294 iterations.
  (o) CG converged in 294 iterations.
  (o) CG converged in 294 iterations.
  (o) CG converged in 294 iterations.
  (o) CG converged in 294 iterations.
  (o) CG converged in 294 iterations.
  (o) CG converged in 295 iterations.
  (o) CG converged in 332 iterations.
  (o) CG converged in 294 iterations.
  (o) CG converged in 294 iterations.
  (o) CG converged in 294 iterations.
  (o) CG converged in 294 iterations.
  (o) CG converged in 294 iterations.
  (o) CG converged in 294 iterations.
  (o) CG converged in 294 iterations.
  (o) CG converged in 294 iterations.
  (o) CG converged in 294 iterations.
  (o) CG converged in 294 iterations.
  (o) CG converged in 294 iterations.
  (o) CG converged in 294 iterations.
  (o) CG converged in 294 iterations.
  (o) CG converged in 294 iterations.
  (o) CG converged in 294 iterations.
  (o) CG converged in 294 iterations.
  (o) CG converged in 294 iterations.
  (o) CG converged in 294 iterations.
  (o) CG converged in 295 iterations.
  (o) CG converged in 332 iterations.
  (o) CG converged in 294 iterations.
  (o) CG converged in 294 iterations.
  (o) CG converged in 294 iterations.
  (o) CG converged in 294 iterations.
  (o) CG converged in 294 iterations.
  (o) CG converged in 294 iterations.
  (o) CG converged in 294 iterations.
  (o) CG converged in 294 iterations.
  (o) CG converged in 294 iterations.
  (o) CG converged in 294 iterations.
  (o) CG converged in 294 iterations.
  (o) CG converged in 294 iterations.
  (o) CG converged in 294 iterations.
  (o) CG converged in 294 iterations.
  (o) CG converged in 294 iterations.
  (o) CG converged in 294 iterations.
  (o) CG converged in 294 iterations.
  (o) CG converged in 294 iterations.
  (o) CG converged in 295 iterations.
  (o) CG converged in 332 iterations.
  (o) CG converged in 294 iterations.
  (o) CG converged in 294 iterations.
  (o) CG converged in 294 iterations.
  (o) CG converged in 294 iterations.
  (o) CG converged in 294 iterations.
  (o) CG converged in 294 iterations.
  (o) CG converged in 294 iterations.
  (o) CG converged in 294 iterations.
  (o) CG converged in 294 iterations.
  (o) CG converged in 294 iterations.
  (o) CG converged in 294 iterations.
  (o) CG converged in 294 iterations.
  (o) CG converged in 294 iterations.
  (o) CG converged in 294 iterations.
  (o) CG converged in 294 iterations.
  (o) CG converged in 294 iterations.
  (o) CG converged in 294 iterations.
  (o) CG converged in 294 iterations.
  (o) CG converged in 295 iterations.
  (o) CG converged in 332 iterations.
  (o) CG converged in 294 iterations.
  (o) CG converged in 294 iterations.
  (o) CG converged in 294 iterations.
  (o) CG converged in 294 iterations.
  (o) CG converged in 294 iterations.
  (o) CG converged in 294 iterations.
  (o) CG converged in 294 iterations.
  (o) CG converged in 294 iterations.
  (o) CG converged in 294 iterations.
  (o) CG converged in 294 iterations.
  (o) CG converged in 294 iterations.
  (o) CG converged in 294 iterations.
  (o) CG converged in 294 iterations.
  (o) CG converged in 294 iterations.
  (o) CG converged in 294 iterations.
  (o) CG converged in 294 iterations.
  (o) CG converged in 294 iterations.
  (o) CG converged in 294 iterations.
  (o) CG converged in 295 iterations.
  (o) CG converged in 332 iterations.
  (o) CG converged in 294 iterations.
  (o) CG converged in 294 iterations.
  (o) CG converged in 294 iterations.
  (o) CG converged in 294 iterations.
  (o) CG converged in 294 iterations.
  (o) CG converged in 294 iterations.
  (o) CG converged in 294 iterations.
  (o) CG converged in 294 iterations.
  (o) CG converged in 294 iterations.
  (o) CG converged in 294 iterations.
  (o) CG converged in 294 iterations.
  (o) CG converged in 294 iterations.
  (o) CG converged in 294 iterations.
  (o) CG converged in 294 iterations.
  (o) CG converged in 294 iterations.
  (o) CG converged in 294 iterations.
  (o) CG converged in 294 iterations.
  (o) CG converged in 294 iterations.
  (o) CG converged in 295 iterations.
  (o) CG converged in 332 iterations.
  (o) CG converged in 294 iterations.
  (o) CG converged in 294 iterations.
  (o) CG converged in 294 iterations.
  (o) CG converged in 294 iterations.
  (o) CG converged in 294 iterations.
  (o) CG converged in 294 iterations.
  (o) CG converged in 294 iterations.
  (o) CG converged in 294 iterations.
  (o) CG converged in 294 iterations.
  (o) CG converged in 294 iterations.
  (o) CG converged in 294 iterations.
  (o) CG converged in 294 iterations.
  (o) CG converged in 294 iterations.
  (o) CG converged in 294 iterations.
  (o) CG converged in 294 iterations.
  (o) CG converged in 294 iterations.
  (o) CG converged in 294 iterations.
  (o) CG converged in 294 iterations.
  (o) CG converged in 295 iterations.
  (o) CG converged in 332 iterations.
  (o) CG converged in 294 iterations.
  (o) CG converged in 294 iterations.
  (o) CG converged in 294 iterations.
  (o) CG converged in 294 iterations.
  (o) CG converged in 294 iterations.
  (o) CG converged in 294 iterations.
  (o) CG converged in 294 iterations.
  (o) CG converged in 294 iterations.
  (o) CG converged in 294 iterations.
  (o) CG converged in 294 iterations.
  (o) CG converged in 294 iterations.
  (o) CG converged in 294 iterations.
  (o) CG converged in 294 iterations.
  (o) CG converged in 294 iterations.
  (o) CG converged in 294 iterations.
  (o) CG converged in 294 iterations.
  (o) CG converged in 294 iterations.
  (o) CG converged in 294 iterations.
  (o) CG converged in 295 iterations.
  (o) CG converged in 332 iterations.
  (o) CG converged in 294 iterations.
  (o) CG converged in 294 iterations.
  (o) CG converged in 294 iterations.
  (o) CG converged in 294 iterations.
  (o) CG converged in 294 iterations.
  (o) CG converged in 294 iterations.
  (o) CG converged in 294 iterations.
  (o) CG converged in 294 iterations.
  (o) CG converged in 294 iterations.
  (o) CG converged in 294 iterations.
  (o) CG converged in 294 iterations.
  (o) CG converged in 294 iterations.
  (o) CG converged in 294 iterations.
  (o) CG converged in 294 iterations.
  (o) CG converged in 294 iterations.
  (o) CG converged in 294 iterations.
  (o) CG converged in 294 iterations.
  (o) CG converged in 294 iterations.
  (o) CG converged in 295 iterations.
  (o) CG converged in 332 iterations.
  (o) CG converged in 294 iterations.
  (o) CG converged in 294 iterations.
  (o) CG converged in 294 iterations.
  (o) CG converged in 294 iterations.
  (o) CG converged in 294 iterations.
  (o) CG converged in 294 iterations.
  (o) CG converged in 294 iterations.
  (o) CG converged in 294 iterations.
  (o) CG converged in 294 iterations.
  (o) CG converged in 294 iterations.
  (o) CG converged in 294 iterations.
  (o) CG converged in 294 iterations.
  (o) CG converged in 294 iterations.
  (o) CG converged in 294 iterations.
  (o) CG converged in 294 iterations.
  (o) CG converged in 294 iterations.
  (o) CG converged in 294 iterations.
  (o) CG converged in 294 iterations.
  (o) CG converged in 295 iterations.
  (o) CG converged in 332 iterations.
  (o) CG converged in 294 iterations.
  (o) CG converged in 294 iterations.
  (o) CG converged in 294 iterations.
  (o) CG converged in 294 iterations.
  (o) CG converged in 294 iterations.
  (o) CG converged in 294 iterations.
  (o) CG converged in 294 iterations.
  (o) CG converged in 294 iterations.
  (o) CG converged in 294 iterations.
  (o) CG converged in 294 iterations.
  (o) CG converged in 294 iterations.
  (o) CG converged in 294 iterations.
  (o) CG converged in 294 iterations.
  (o) CG converged in 294 iterations.
  (o) CG converged in 294 iterations.
  (o) CG converged in 294 iterations.
  (o) CG converged in 294 iterations.
  (o) CG converged in 294 iterations.
  (o) CG converged in 295 iterations.
  (o) CG converged in 332 iterations.
  (o) CG converged in 294 iterations.
  (o) CG converged in 294 iterations.
  (o) CG converged in 294 iterations.
  (o) CG converged in 294 iterations.
  (o) CG converged in 294 iterations.
  (o) CG converged in 294 iterations.
  (o) CG converged in 294 iterations.
  (o) CG converged in 294 iterations.
  (o) CG converged in 294 iterations.
  (o) CG converged in 294 iterations.
  (o) CG converged in 294 iterations.
  (o) CG converged in 294 iterations.
  (o) CG converged in 294 iterations.
  (o) CG converged in 294 iterations.
  (o) CG converged in 294 iterations.
  (o) CG converged in 294 iterations.
  (o) CG converged in 294 iterations.
  (o) CG converged in 294 iterations.
  (o) CG converged in 295 iterations.
  (o) CG converged in 332 iterations.
  (o) CG converged in 294 iterations.
  (o) CG converged in 294 iterations.
  (o) CG converged in 294 iterations.
  (o) CG converged in 294 iterations.
  (o) CG converged in 294 iterations.
  (o) CG converged in 294 iterations.
  (o) CG converged in 294 iterations.
  (o) CG converged in 294 iterations.
  (o) CG converged in 294 iterations.
  (o) CG converged in 294 iterations.
  (o) CG converged in 294 iterations.
  (o) CG converged in 294 iterations.
  (o) CG converged in 294 iterations.
  (o) CG converged in 294 iterations.
  (o) CG converged in 294 iterations.
  (o) CG converged in 294 iterations.
  (o) CG converged in 294 iterations.
  (o) CG converged in 294 iterations.
  (o) CG converged in 295 iterations.
  (o) CG converged in 332 iterations.
  (o) CG converged in 294 iterations.
  (o) CG converged in 294 iterations.
  (o) CG converged in 294 iterations.
  (o) CG converged in 294 iterations.
  (o) CG converged in 294 iterations.
  (o) CG converged in 294 iterations.
  (o) CG converged in 294 iterations.
  (o) CG converged in 294 iterations.
  (o) CG converged in 294 iterations.
  (o) CG converged in 294 iterations.
  (o) CG converged in 294 iterations.
  (o) CG converged in 294 iterations.
  (o) CG converged in 294 iterations.
  (o) CG converged in 294 iterations.
  (o) CG converged in 294 iterations.
  (o) CG converged in 294 iterations.
  (o) CG converged in 294 iterations.
  (o) CG converged in 294 iterations.
  (o) CG converged in 295 iterations.
  (o) CG converged in 332 iterations.
  (o) CG converged in 294 iterations.
  (o) CG converged in 294 iterations.
  (o) CG converged in 294 iterations.
  (o) CG converged in 294 iterations.
  (o) CG converged in 294 iterations.
  (o) CG converged in 294 iterations.
  (o) CG converged in 294 iterations.
  (o) CG converged in 294 iterations.
  (o) CG converged in 294 iterations.
  (o) CG converged in 294 iterations.
  (o) CG converged in 294 iterations.
  (o) CG converged in 294 iterations.
  (o) CG converged in 294 iterations.
  (o) CG converged in 294 iterations.
  (o) CG converged in 294 iterations.
  (o) CG converged in 294 iterations.
  (o) CG converged in 294 iterations.
  (o) CG converged in 294 iterations.
  (o) CG converged in 295 iterations.
  (o) CG converged in 332 iterations.
  (o) CG converged in 294 iterations.
  (o) CG converged in 294 iterations.
  (o) CG converged in 294 iterations.
  (o) CG converged in 294 iterations.
  (o) CG converged in 294 iterations.
  (o) CG converged in 294 iterations.
  (o) CG converged in 294 iterations.
  (o) CG converged in 294 iterations.
  (o) CG converged in 294 iterations.
  (o) CG converged in 294 iterations.
  (o) CG converged in 294 iterations.
  (o) CG converged in 294 iterations.
  (o) CG converged in 294 iterations.
  (o) CG converged in 294 iterations.
  (o) CG converged in 294 iterations.
  (o) CG converged in 294 iterations.
  (o) CG converged in 294 iterations.
  (o) CG converged in 294 iterations.
  (o) CG converged in 295 iterations.
  (o) CG converged in 332 iterations.
  (o) CG converged in 294 iterations.
  (o) CG converged in 294 iterations.
  (o) CG converged in 294 iterations.
  (o) CG converged in 294 iterations.
sa failed to converge after 1000 iterations.
[timingInfo] [timingInfo name not set] Finish time (Wall): 9.58373e+06[timingInfo] [timingInfo name not set] Finish time (Wall): 9.58375e+06 Finish time (CPU) : 6906401
[timingInfo] [timingInfo name not set] Elapsed time (Wall, seconds): 6.59839 Elapsed time (CPU, seconds) : 6.58305
[timingInfo] [timingInfo name not set] Finish time (Wall): 9.58372e+06 Finish time (CPU) : 6903476
[timingInfo] [timingInfo name not set] Elapsed time (Wall, seconds): 6.59779 Elapsed time (CPU, seconds) : 6.58184
[timingInfo] [timingInfo name not set] Finish time (Wall): 9.58368e+06 Finish time (CPU) : 6900969
[timingInfo] [timingInfo name not set] Elapsed time (Wall, seconds): 6.59142 Elapsed time (CPU, seconds) : 6.57586
[timingInfo] [timingInfo name not set] Finish time (Wall): 9.5837e+06 Finish time (CPU) : 6894119
[timingInfo] [timingInfo name not set] Elapsed time (Wall, seconds): 6.58663 Elapsed time (CPU, seconds) : 6.57049
[timingInfo] [timingInfo name not set] Finish time (Wall): 9.58371e+06 Finish time (CPU) : 6898993
[timingInfo] [timingInfo name not set] Elapsed time (Wall, seconds): 6.59128 Elapsed time (CPU, seconds) : 6.5751
[timingInfo] [timingInfo name not set] Finish time (Wall): 9.58371e+06 Finish time (CPU) : 6871165
[timingInfo] [timingInfo name not set] Elapsed time (Wall, seconds): 6.58998 Elapsed time (CPU, seconds) : 6.57377
[timingInfo] [timingInfo name not set] Finish time (Wall): 9.58373e+06 Finish time (CPU) : 6891763
[timingInfo] [timingInfo name not set] Elapsed time (Wall, seconds): 6.59612 Elapsed time (CPU, seconds) : 6.57962
 Finish time (CPU) : 6906790
[timingInfo] [timingInfo name not set] Elapsed time (Wall, seconds): 6.59553 Elapsed time (CPU, seconds) : 6.58011
[timingInfo] [timingInfo name not set] Finish time (Wall): 9.58372e+06 Finish time (CPU) : 6889617
[timingInfo] [timingInfo name not set] Elapsed time (Wall, seconds): 6.59378 Elapsed time (CPU, seconds) : 6.57783
(o) Writing gnuplot command file pc_'phi_sa_cg'
